<?xml version="1.0" encoding="UTF-8"?>
<robot generator="Robot 7.4.1 (Python 3.13.5 on win32)" generated="2026-02-18T14:39:16.524252" rpa="false" schemaversion="5">
<suite id="s1" name="Features" source="C:\Users\Shadi\Desktop\digipay_payment\features">
<suite id="s1-s1" name="Payment Methods" source="C:\Users\Shadi\Desktop\digipay_payment\features\payment_methods.robot">
<test id="s1-s1-t1" name="S1 Happy Path" line="16">
<kw name="Given the API scenario is">
<msg time="2026-02-18T14:39:16.643154" level="FAIL">No keyword with name 'Given the API scenario is' found.</msg>
<arg>happy_path</arg>
<status status="FAIL" start="2026-02-18T14:39:16.643119" elapsed="0.000079">No keyword with name 'Given the API scenario is' found.</status>
</kw>
<kw name="When I fetch payment methods for cell number">
<arg>09100000000</arg>
<status status="NOT RUN" start="2026-02-18T14:39:16.643508" elapsed="0.000022"/>
</kw>
<kw name="Then response status should be">
<arg>200</arg>
<status status="NOT RUN" start="2026-02-18T14:39:16.643668" elapsed="0.000014"/>
</kw>
<kw name="And required fields must exist">
<status status="NOT RUN" start="2026-02-18T14:39:16.643793" elapsed="0.000010"/>
</kw>
<kw name="And method clickability rules must pass">
<status status="NOT RUN" start="2026-02-18T14:39:16.643904" elapsed="0.000011"/>
</kw>
<kw name="And BNPL option rules must pass">
<status status="NOT RUN" start="2026-02-18T14:39:16.644013" elapsed="0.000009"/>
</kw>
<status status="FAIL" start="2026-02-18T14:39:16.641557" elapsed="0.002595">No keyword with name 'Given the API scenario is' found.</status>
</test>
<test id="s1-s1-t2" name="S2 BNPL Blocked" line="24">
<kw name="Given the API scenario is">
<msg time="2026-02-18T14:39:16.646144" level="FAIL">No keyword with name 'Given the API scenario is' found.</msg>
<arg>bnpl_blocked</arg>
<status status="FAIL" start="2026-02-18T14:39:16.646114" elapsed="0.000064">No keyword with name 'Given the API scenario is' found.</status>
</kw>
<kw name="When I fetch payment methods for cell number">
<arg>09000000000</arg>
<status status="NOT RUN" start="2026-02-18T14:39:16.646349" elapsed="0.000015"/>
</kw>
<kw name="Then BNPL must not be selectable">
<status status="NOT RUN" start="2026-02-18T14:39:16.646485" elapsed="0.000012"/>
</kw>
<status status="FAIL" start="2026-02-18T14:39:16.644727" elapsed="0.001896">No keyword with name 'Given the API scenario is' found.</status>
</test>
<test id="s1-s1-t3" name="S3 Insufficient Credit" line="29">
<kw name="Given the API scenario is">
<msg time="2026-02-18T14:39:16.649417" level="FAIL">No keyword with name 'Given the API scenario is' found.</msg>
<arg>insufficient_credit</arg>
<status status="FAIL" start="2026-02-18T14:39:16.649387" elapsed="0.000063">No keyword with name 'Given the API scenario is' found.</status>
</kw>
<kw name="When I fetch payment methods for cell number">
<arg>09000000001</arg>
<status status="NOT RUN" start="2026-02-18T14:39:16.649751" elapsed="0.000016"/>
</kw>
<kw name="Then option eligibility rule R5 must fail">
<status status="NOT RUN" start="2026-02-18T14:39:16.649903" elapsed="0.000012"/>
</kw>
<status status="FAIL" start="2026-02-18T14:39:16.647349" elapsed="0.002683">No keyword with name 'Given the API scenario is' found.</status>
</test>
<test id="s1-s1-t4" name="S4 Non Active Option" line="34">
<kw name="Given the API scenario is">
<msg time="2026-02-18T14:39:16.651668" level="FAIL">No keyword with name 'Given the API scenario is' found.</msg>
<arg>non_active_option</arg>
<status status="FAIL" start="2026-02-18T14:39:16.651645" elapsed="0.000050">No keyword with name 'Given the API scenario is' found.</status>
</kw>
<kw name="When I fetch payment methods for cell number">
<arg>09000000002</arg>
<status status="NOT RUN" start="2026-02-18T14:39:16.651880" elapsed="0.000014"/>
</kw>
<kw name="Then option eligibility rule R5 must fail">
<status status="NOT RUN" start="2026-02-18T14:39:16.652012" elapsed="0.000011"/>
</kw>
<status status="FAIL" start="2026-02-18T14:39:16.650594" elapsed="0.001539">No keyword with name 'Given the API scenario is' found.</status>
</test>
<test id="s1-s1-t5" name="S5 Default Option Invalid" line="39">
<kw name="Given the API scenario is">
<msg time="2026-02-18T14:39:16.654694" level="FAIL">No keyword with name 'Given the API scenario is' found.</msg>
<arg>default_option_invalid</arg>
<status status="FAIL" start="2026-02-18T14:39:16.654662" elapsed="0.000067">No keyword with name 'Given the API scenario is' found.</status>
</kw>
<kw name="When I fetch payment methods for cell number">
<arg>09000000003</arg>
<status status="NOT RUN" start="2026-02-18T14:39:16.654966" elapsed="0.000016"/>
</kw>
<kw name="Then default rule R6 must fail">
<status status="NOT RUN" start="2026-02-18T14:39:16.655102" elapsed="0.000010"/>
</kw>
<status status="FAIL" start="2026-02-18T14:39:16.652669" elapsed="0.002564">No keyword with name 'Given the API scenario is' found.</status>
</test>
<test id="s1-s1-t6" name="S6 Missing Required Field" line="44">
<kw name="Given the API scenario is">
<msg time="2026-02-18T14:39:16.656745" level="FAIL">No keyword with name 'Given the API scenario is' found.</msg>
<arg>missing_required_field</arg>
<status status="FAIL" start="2026-02-18T14:39:16.656720" elapsed="0.000053">No keyword with name 'Given the API scenario is' found.</status>
</kw>
<kw name="When I fetch payment methods for cell number">
<arg>09000000004</arg>
<status status="NOT RUN" start="2026-02-18T14:39:16.656953" elapsed="0.000013"/>
</kw>
<kw name="Then required field validation must fail">
<status status="NOT RUN" start="2026-02-18T14:39:16.657077" elapsed="0.000011"/>
</kw>
<status status="FAIL" start="2026-02-18T14:39:16.655636" elapsed="0.001563">No keyword with name 'Given the API scenario is' found.</status>
</test>
<test id="s1-s1-t7" name="S7 Wrong Type" line="49">
<kw name="Given the API scenario is">
<msg time="2026-02-18T14:39:16.659001" level="FAIL">No keyword with name 'Given the API scenario is' found.</msg>
<arg>wrong_type</arg>
<status status="FAIL" start="2026-02-18T14:39:16.658965" elapsed="0.000069">No keyword with name 'Given the API scenario is' found.</status>
</kw>
<kw name="When I fetch payment methods for cell number">
<arg>09000000005</arg>
<status status="NOT RUN" start="2026-02-18T14:39:16.659214" elapsed="0.000014"/>
</kw>
<kw name="Then type validation must fail">
<status status="NOT RUN" start="2026-02-18T14:39:16.659350" elapsed="0.000012"/>
</kw>
<status status="FAIL" start="2026-02-18T14:39:16.657638" elapsed="0.001836">No keyword with name 'Given the API scenario is' found.</status>
</test>
<test id="s1-s1-t8" name="S8 Non Success" line="54">
<kw name="Given the API scenario is">
<msg time="2026-02-18T14:39:16.660995" level="FAIL">No keyword with name 'Given the API scenario is' found.</msg>
<arg>non_success</arg>
<status status="FAIL" start="2026-02-18T14:39:16.660971" elapsed="0.000053">No keyword with name 'Given the API scenario is' found.</status>
</kw>
<kw name="When I fetch payment methods for cell number">
<arg>0900000006</arg>
<status status="NOT RUN" start="2026-02-18T14:39:16.661189" elapsed="0.000013"/>
</kw>
<kw name="Then fail fast due to non success status">
<status status="NOT RUN" start="2026-02-18T14:39:16.661322" elapsed="0.000012"/>
</kw>
<status status="FAIL" start="2026-02-18T14:39:16.659832" elapsed="0.001615">No keyword with name 'Given the API scenario is' found.</status>
</test>
<status status="FAIL" start="2026-02-18T14:39:16.553037" elapsed="0.108988"/>
</suite>
<status status="FAIL" start="2026-02-18T14:39:16.525388" elapsed="0.138277"/>
</suite>
<statistics>
<total>
<stat pass="0" fail="8" skip="0">All Tests</stat>
</total>
<tag>
</tag>
<suite>
<stat name="Features" id="s1" pass="0" fail="8" skip="0">Features</stat>
<stat name="Payment Methods" id="s1-s1" pass="0" fail="8" skip="0">Features.Payment Methods</stat>
</suite>
</statistics>
<errors>
<msg time="2026-02-18T14:39:16.554037" level="ERROR">Error in file 'C:\Users\Shadi\Desktop\digipay_payment\features\payment_methods.robot' on line 2: Library 'steps\payment_steps.py' does not exist.</msg>
</errors>
</robot>
